__main__ 2024-06-21 15:51:42,994 DEBUG press ok cookie
__main__ 2024-06-21 15:51:53,578 DEBUG press delivery button
__main__ 2024-06-21 15:51:55,660 DEBUG insert address in form
__main__ 2024-06-21 15:51:55,760 DEBUG press enter
__main__ 2024-06-21 15:51:56,678 DEBUG press save delivery address
__main__ 2024-06-21 15:52:12,160 DEBUG find category
__main__ 2024-06-21 15:52:12,195 DEBUG find products cards
__main__ 2024-06-21 15:52:12,331 INFO products added to main list
__main__ 2024-06-21 15:52:13,251 INFO products added to main list
__main__ 2024-06-21 15:52:13,359 INFO products added to main list
__main__ 2024-06-21 15:52:13,473 INFO products added to main list
__main__ 2024-06-21 15:52:13,592 INFO products added to main list
__main__ 2024-06-21 15:52:13,728 INFO products added to main list
__main__ 2024-06-21 15:52:13,892 INFO products added to main list
__main__ 2024-06-21 15:52:13,999 INFO products added to main list
__main__ 2024-06-21 15:52:14,092 INFO products added to main list
__main__ 2024-06-21 15:52:14,193 INFO products added to main list
__main__ 2024-06-21 15:52:14,293 INFO products added to main list
__main__ 2024-06-21 15:52:14,389 INFO products added to main list
__main__ 2024-06-21 15:52:14,483 INFO products added to main list
__main__ 2024-06-21 15:52:14,578 INFO products added to main list
__main__ 2024-06-21 15:52:14,681 INFO products added to main list
__main__ 2024-06-21 15:52:14,776 INFO products added to main list
__main__ 2024-06-21 15:52:14,869 INFO products added to main list
__main__ 2024-06-21 15:52:14,960 INFO products added to main list
__main__ 2024-06-21 15:52:15,056 INFO products added to main list
__main__ 2024-06-21 15:52:15,171 INFO products added to main list
__main__ 2024-06-21 15:52:15,292 INFO products added to main list
__main__ 2024-06-21 15:52:15,387 INFO products added to main list
__main__ 2024-06-21 15:52:15,479 INFO products added to main list
__main__ 2024-06-21 15:52:15,575 INFO products added to main list
__main__ 2024-06-21 15:52:15,679 INFO products added to main list
__main__ 2024-06-21 15:52:15,773 INFO products added to main list
__main__ 2024-06-21 15:52:15,867 INFO products added to main list
__main__ 2024-06-21 15:52:15,961 INFO products added to main list
__main__ 2024-06-21 15:52:16,054 INFO products added to main list
__main__ 2024-06-21 15:52:16,163 INFO products added to main list
__main__ 2024-06-21 15:52:16,274 INFO products added to main list
__main__ 2024-06-21 15:52:16,367 INFO products added to main list
__main__ 2024-06-21 15:52:16,462 INFO products added to main list
__main__ 2024-06-21 15:52:16,555 INFO products added to main list
__main__ 2024-06-21 15:52:16,659 INFO products added to main list
__main__ 2024-06-21 15:52:16,758 INFO products added to main list
__main__ 2024-06-21 15:52:16,852 INFO products added to main list
__main__ 2024-06-21 15:52:16,943 INFO products added to main list
__main__ 2024-06-21 15:52:17,037 INFO products added to main list
__main__ 2024-06-21 15:52:17,130 INFO products added to main list
__main__ 2024-06-21 15:52:17,237 INFO products added to main list
__main__ 2024-06-21 15:52:17,348 INFO products added to main list
__main__ 2024-06-21 15:52:17,460 INFO products added to main list
__main__ 2024-06-21 15:52:17,558 INFO products added to main list
__main__ 2024-06-21 15:52:17,662 INFO products added to main list
__main__ 2024-06-21 15:52:17,759 INFO products added to main list
__main__ 2024-06-21 15:52:17,852 INFO products added to main list
__main__ 2024-06-21 15:52:17,945 INFO products added to main list
__main__ 2024-06-21 15:52:18,071 INFO products added to main list
__main__ 2024-06-21 15:52:18,165 INFO products added to main list
__main__ 2024-06-21 15:52:18,272 INFO products added to main list
__main__ 2024-06-21 15:52:18,376 INFO products added to main list
__main__ 2024-06-21 15:52:18,474 INFO products added to main list
__main__ 2024-06-21 15:52:18,566 INFO products added to main list
__main__ 2024-06-21 15:52:18,667 INFO products added to main list
__main__ 2024-06-21 15:52:18,763 INFO products added to main list
__main__ 2024-06-21 15:52:18,858 INFO products added to main list
__main__ 2024-06-21 15:52:18,950 INFO products added to main list
__main__ 2024-06-21 15:52:19,041 INFO products added to main list
__main__ 2024-06-21 15:52:19,136 INFO products added to main list
__main__ 2024-06-21 15:52:19,242 INFO products added to main list
__main__ 2024-06-21 15:52:19,335 INFO products added to main list
__main__ 2024-06-21 15:52:19,427 INFO products added to main list
__main__ 2024-06-21 15:52:19,528 INFO products added to main list
__main__ 2024-06-21 15:52:19,644 INFO products added to main list
__main__ 2024-06-21 15:52:19,752 INFO products added to main list
__main__ 2024-06-21 15:52:19,843 INFO products added to main list
__main__ 2024-06-21 15:52:19,937 INFO products added to main list
__main__ 2024-06-21 15:52:20,030 INFO products added to main list
__main__ 2024-06-21 15:52:20,122 INFO products added to main list
__main__ 2024-06-21 15:52:20,227 INFO products added to main list
__main__ 2024-06-21 15:52:20,322 INFO products added to main list
__main__ 2024-06-21 15:52:20,575 DEBUG press next page
__main__ 2024-06-21 15:52:25,600 DEBUG find products cards
__main__ 2024-06-21 15:52:25,726 INFO products added to main list
__main__ 2024-06-21 15:52:25,843 INFO products added to main list
__main__ 2024-06-21 15:52:25,967 INFO products added to main list
__main__ 2024-06-21 15:52:26,087 INFO products added to main list
__main__ 2024-06-21 15:52:26,199 INFO products added to main list
__main__ 2024-06-21 15:52:26,342 INFO products added to main list
__main__ 2024-06-21 15:52:26,478 INFO products added to main list
__main__ 2024-06-21 15:52:26,591 INFO products added to main list
__main__ 2024-06-21 15:52:26,711 INFO products added to main list
__main__ 2024-06-21 15:52:26,821 INFO products added to main list
__main__ 2024-06-21 15:52:26,935 INFO products added to main list
__main__ 2024-06-21 15:52:27,053 INFO products added to main list
__main__ 2024-06-21 15:52:27,165 INFO products added to main list
__main__ 2024-06-21 15:52:27,276 INFO products added to main list
__main__ 2024-06-21 15:52:27,380 INFO products added to main list
__main__ 2024-06-21 15:52:27,473 INFO products added to main list
__main__ 2024-06-21 15:52:27,567 INFO products added to main list
__main__ 2024-06-21 15:52:27,671 INFO products added to main list
__main__ 2024-06-21 15:52:27,770 INFO products added to main list
__main__ 2024-06-21 15:52:27,864 INFO products added to main list
__main__ 2024-06-21 15:52:27,957 INFO products added to main list
__main__ 2024-06-21 15:52:28,049 INFO products added to main list
__main__ 2024-06-21 15:52:28,143 INFO products added to main list
__main__ 2024-06-21 15:52:28,264 INFO products added to main list
__main__ 2024-06-21 15:52:28,378 INFO products added to main list
__main__ 2024-06-21 15:52:28,530 INFO products added to main list
__main__ 2024-06-21 15:52:28,702 INFO products added to main list
__main__ 2024-06-21 15:52:28,857 INFO products added to main list
__main__ 2024-06-21 15:52:28,988 INFO products added to main list
__main__ 2024-06-21 15:52:29,100 INFO products added to main list
__main__ 2024-06-21 15:52:29,225 INFO products added to main list
__main__ 2024-06-21 15:52:29,377 INFO products added to main list
__main__ 2024-06-21 15:52:29,541 INFO products added to main list
__main__ 2024-06-21 15:52:29,679 INFO products added to main list
__main__ 2024-06-21 15:52:29,787 INFO products added to main list
__main__ 2024-06-21 15:52:29,879 INFO products added to main list
__main__ 2024-06-21 15:52:29,972 INFO products added to main list
__main__ 2024-06-21 15:52:30,065 INFO products added to main list
__main__ 2024-06-21 15:52:30,157 INFO products added to main list
__main__ 2024-06-21 15:52:30,267 INFO products added to main list
__main__ 2024-06-21 15:52:30,362 INFO products added to main list
__main__ 2024-06-21 15:52:30,454 INFO products added to main list
__main__ 2024-06-21 15:52:30,552 INFO products added to main list
__main__ 2024-06-21 15:52:30,657 INFO products added to main list
__main__ 2024-06-21 15:52:30,756 INFO products added to main list
__main__ 2024-06-21 15:52:30,850 INFO products added to main list
__main__ 2024-06-21 15:52:30,959 INFO products added to main list
__main__ 2024-06-21 15:52:31,068 INFO products added to main list
__main__ 2024-06-21 15:52:31,165 INFO products added to main list
__main__ 2024-06-21 15:52:31,274 INFO products added to main list
__main__ 2024-06-21 15:52:31,370 INFO products added to main list
__main__ 2024-06-21 15:52:31,462 INFO products added to main list
__main__ 2024-06-21 15:52:31,556 INFO products added to main list
__main__ 2024-06-21 15:52:31,658 INFO products added to main list
__main__ 2024-06-21 15:52:31,758 INFO products added to main list
__main__ 2024-06-21 15:52:31,864 INFO products added to main list
__main__ 2024-06-21 15:52:31,957 INFO products added to main list
__main__ 2024-06-21 15:52:32,051 INFO products added to main list
__main__ 2024-06-21 15:52:32,143 INFO products added to main list
__main__ 2024-06-21 15:52:32,248 INFO products added to main list
__main__ 2024-06-21 15:52:32,340 INFO products added to main list
__main__ 2024-06-21 15:52:32,435 INFO products added to main list
__main__ 2024-06-21 15:52:32,527 INFO products added to main list
__main__ 2024-06-21 15:52:32,626 INFO products added to main list
__main__ 2024-06-21 15:52:32,729 INFO products added to main list
__main__ 2024-06-21 15:52:32,821 INFO products added to main list
__main__ 2024-06-21 15:52:32,915 INFO products added to main list
__main__ 2024-06-21 15:52:33,008 INFO products added to main list
__main__ 2024-06-21 15:52:33,107 INFO products added to main list
__main__ 2024-06-21 15:52:33,226 INFO products added to main list
__main__ 2024-06-21 15:52:33,352 INFO products added to main list
__main__ 2024-06-21 15:52:33,446 INFO products added to main list
__main__ 2024-06-21 15:52:33,579 DEBUG press next page
__main__ 2024-06-21 15:52:43,545 DEBUG find category
__main__ 2024-06-21 15:52:43,578 DEBUG find products cards
__main__ 2024-06-21 15:52:43,837 INFO products added to main list
__main__ 2024-06-21 15:52:43,978 INFO products added to main list
__main__ 2024-06-21 15:52:44,086 INFO products added to main list
__main__ 2024-06-21 15:52:44,192 INFO products added to main list
__main__ 2024-06-21 15:52:44,310 INFO products added to main list
__main__ 2024-06-21 15:52:44,469 INFO products added to main list
__main__ 2024-06-21 15:52:44,639 INFO products added to main list
__main__ 2024-06-21 15:52:44,760 INFO products added to main list
__main__ 2024-06-21 15:52:44,891 INFO products added to main list
__main__ 2024-06-21 15:52:44,997 INFO products added to main list
__main__ 2024-06-21 15:53:05,051 DEBUG find products cards
__main__ 2024-06-21 15:53:05,158 INFO products added to main list
__main__ 2024-06-21 15:53:05,268 INFO products added to main list
__main__ 2024-06-21 15:53:05,365 INFO products added to main list
__main__ 2024-06-21 15:53:05,458 INFO products added to main list
__main__ 2024-06-21 15:53:05,550 INFO products added to main list
__main__ 2024-06-21 15:53:05,651 INFO products added to main list
__main__ 2024-06-21 15:53:05,749 INFO products added to main list
__main__ 2024-06-21 15:53:05,844 INFO products added to main list
__main__ 2024-06-21 15:53:05,935 INFO products added to main list
__main__ 2024-06-21 15:53:06,028 INFO products added to main list
__main__ 2024-06-21 15:53:26,075 DEBUG add products in main list
__main__ 2024-06-21 15:53:26,574 DEBUG close driver
